[20/Mar/2023 11:55:24 America/Detroit] [Info] ############################################################
[20/Mar/2023 11:55:24 America/Detroit] [Info] # Output Factory initiated (html5)
[20/Mar/2023 11:55:24 America/Detroit] [Info] # Building output for: Lyve Cloud Account API-Version 2
[20/Mar/2023 11:55:24 America/Detroit] [Info] # URL /document/edit/49036
[20/Mar/2023 11:55:24 America/Detroit] [Info] # User: Ashish Khabde
[20/Mar/2023 11:55:24 America/Detroit] [Info] # Time: Mon, 20 Mar 2023 11:55:24 -0400
[20/Mar/2023 11:55:24 America/Detroit] [Info] # Server: bamberg
[20/Mar/2023 11:55:24 America/Detroit] [Info] ############################################################
[20/Mar/2023 11:55:24 America/Detroit] [Info] Group: custom
[20/Mar/2023 11:55:24 America/Detroit] [Info] Type: html5
[20/Mar/2023 11:55:24 America/Detroit] [Info] Transformation: /var/www/ccms/usr/seagate2/xsl/custom/layout-50275.xsl
[20/Mar/2023 11:55:24 America/Detroit] [Info] File found: /var/www/ccms/usr/seagate2/xsl/custom/layout-50275.xsl
[20/Mar/2023 11:55:24 America/Detroit] [Info] ############################################################
[20/Mar/2023 11:55:24 America/Detroit] [Info] Building output for: html5
[20/Mar/2023 11:55:24 America/Detroit] [Info] Using stylesheet: /var/www/ccms/usr/seagate2/xsl/custom/layout-50275.xsl
[20/Mar/2023 11:55:24 America/Detroit] [Info] Parameters for this build: Array
(
    [profile.condition] => No-Hide
    [profile.xinfo.product] => No Hide
)

[20/Mar/2023 11:55:24 America/Detroit] [Info] Environment variables for this build: []
[20/Mar/2023 11:55:24 America/Detroit] [Info] Building output for languages: Array
(
    [0] => en
)

[20/Mar/2023 11:55:24 America/Detroit] [Info] Building multilang: no
[20/Mar/2023 11:55:24 America/Detroit] [Info] Building preview: no
[20/Mar/2023 11:55:24 America/Detroit] [Info] ############################################################
[20/Mar/2023 11:55:25 America/Detroit] [Info] Using build directory: /paligo/tmp/seagate2/production-641881eb426410.50789740/49036-Lyve_Cloud_Account_API-Version_2-html5
[20/Mar/2023 11:55:26 America/Detroit] [Info] -- Generating source files
[20/Mar/2023 11:55:26 America/Detroit] [Info] -- Propagating taxonomies: false
[20/Mar/2023 11:55:26 America/Detroit] [Info] -- Source files have been generated
[20/Mar/2023 11:55:26 America/Detroit] [Info] -- Publication has no unresolved dependencies.
[20/Mar/2023 11:55:26 America/Detroit] [Info] -- Generating source files complete.
[20/Mar/2023 11:55:27 America/Detroit] [Info] Localizing: publication-49036.xml
[20/Mar/2023 11:55:27 America/Detroit] [Info] Language: en
[20/Mar/2023 11:55:27 America/Detroit] [Warning] Resolving some links failed
[20/Mar/2023 11:55:27 America/Detroit] [Info] [/*/*[3]/*[6]/*[6]/*[2]/*[3]/*[2]/*[5]/*/*] An outgoing link in <a href="/document/edit/49039">Authentication</a> could not be resolved. The link points to <a href="/document/edit/62513">Using Account API</a> which is not part of this publication.
[20/Mar/2023 11:55:27 America/Detroit] [Info] [/*/*[3]/*[6]/*[6]/*[2]/*[3]/*[3]/*[5]/*/*] An outgoing link in <a href="/document/edit/49039">Authentication</a> could not be resolved. The link points to <a href="/document/edit/62513">Using Account API</a> which is not part of this publication.
[20/Mar/2023 11:55:27 America/Detroit] [Info] [/*/*[4]/*[6]/*[5]/*[2]/*[3]/*[1]/*[3]/*[2]/*[2]/*[4]/*[2]/*[2]/*[4]/*[1]/*[2]] An outgoing link in <a href="/document/edit/53793">Listing permissions</a> could not be resolved. The link points to <a href="/document/edit/3203">Managing bucket access permissions</a> which is not part of this publication.
[20/Mar/2023 11:55:27 America/Detroit] [Info] [/*/*[4]/*[9]/*[4]/*[6]/*[2]/*[3]/*[8]/*[5]/*[2]/*] An outgoing link in <a href="/document/edit/54028">Updating a permission</a> could not be resolved. The link points to <a href="/document/edit/3203">Managing bucket access permissions</a> which is not part of this publication.
[20/Mar/2023 11:55:27 America/Detroit] [Info] [/*/*[5]/*[2]/*[1]] An outgoing link in <a href="/document/edit/49063">Service Accounts</a> could not be resolved. The link points to <a href="/document/edit/3197">Managing buckets</a> which is not part of this publication.
[20/Mar/2023 11:55:27 America/Detroit] [Info] [/*/*[5]/*[2]/*[2]] An outgoing link in <a href="/document/edit/49063">Service Accounts</a> could not be resolved. The link points to <a href="/document/edit/3203">Managing bucket access permissions</a> which is not part of this publication.
[20/Mar/2023 11:55:28 America/Detroit] [Info] Variable sets found: 0
[20/Mar/2023 11:55:29 America/Detroit] [Info] Inserting image links.
[20/Mar/2023 11:55:29 America/Detroit] [Info] Found 0 image(s).
[20/Mar/2023 11:55:30 America/Detroit] [Info] Profiling parameters: Array
(
    [profile.condition] => No-Hide
    [profile.xinfo.product] => No Hide
)

[20/Mar/2023 11:55:30 America/Detroit] [Info] Profiling customisation: /var/www/ccms/usr/seagate2/xsl/profile.xsl (not found)
[20/Mar/2023 11:55:30 America/Detroit] [Info] Transformation: publication-49036--en.org.xml -> publication-49036--en.xml [profile.xsl]
[20/Mar/2023 11:55:30 America/Detroit] [Info] Transformation: publication-49036--en.xml -> publication-49036--en.xml [internal-xref.xsl]
[20/Mar/2023 11:55:30 America/Detroit] [Info] Transformation: A-filelist.xml -> B-sorted.xml [IO.document.sortlang.xsl]
[20/Mar/2023 11:55:30 America/Detroit] [Info] Transformation: B-sorted.xml -> C-concatenated.xml [IO.document.concat.xsl]
[20/Mar/2023 11:55:30 America/Detroit] [Info] Transformation: B-sorted.xml -> index-en.xml [IO.document.head.xsl]
[20/Mar/2023 11:55:31 America/Detroit] [Info] Created copy: /var/www/ccms/usr/seagate2/xsl/custom/layout-50275.xsl -> /var/www/ccms/usr/seagate2/xsl/custom/641881f31def6.xsl
[20/Mar/2023 11:55:31 America/Detroit] [Info] Created symlink: /var/www/ccms/application/lib/docbook/xsl/html5/html5-sp-api.page.xsl -> /var/www/ccms/usr/seagate2/xsl/custom/641881f31def6.page.xsl
[20/Mar/2023 11:55:31 America/Detroit] [Info] Created symlink: /var/www/ccms/application/lib/docbook/xsl/html5/html5.toc.xsl -> /var/www/ccms/usr/seagate2/xsl/custom/641881f31def6.toc.xsl
[20/Mar/2023 11:55:31 America/Detroit] [Info] Created symlink: /var/www/ccms/application/lib/docbook/xsl/html5/html5.page.xsl -> /var/www/ccms/usr/seagate2/xsl/custom/641881f31def6.page.xsl
[20/Mar/2023 11:55:31 America/Detroit] [Info] Created symlink: /var/www/ccms/application/lib/docbook/xsl/html5/html5.index.xsl -> /var/www/ccms/usr/seagate2/xsl/custom/641881f31def6.index.xsl
[20-Mar-2023 11:55:32 America/Detroit] Parsing manifest file: css/*, css/image/*, css/image/callouts/*, js/*, fonts/*
[20-Mar-2023 11:55:32 America/Detroit] Parsing manifest file: css/*, css/image/*, css/image/callouts/*, js/*, fonts/*
[20-Mar-2023 11:55:32 America/Detroit] Copy file '/var/www/ccms/usr/seagate2/xsl/custom/assets/layout-50275/629f1e6b8ceb0.svg' to '/paligo/tmp/seagate2/production-641881eb426410.50789740/49036-Lyve_Cloud_Account_API-Version_2-html5/out/css/image/corporate-logo.svg'
[20-Mar-2023 11:55:32 America/Detroit] Copy file '/var/www/ccms/usr/seagate2/xsl/custom/assets/layout-50275/629f1e7444200.svg' to '/paligo/tmp/seagate2/production-641881eb426410.50789740/49036-Lyve_Cloud_Account_API-Version_2-html5/out/css/image/portal-logo.svg'
[20-Mar-2023 11:55:33 America/Detroit] Post build HTML5
[20/Mar/2023 11:55:34 America/Detroit] [Info] Transformation: index-en.html -> toc-en.html [641881f31def6.toc.xsl]
[20/Mar/2023 11:55:34 America/Detroit] [Info] Transformation: index-en.html -> index-en.html [641881f31def6.page.xsl]
[20/Mar/2023 11:55:34 America/Detroit] [Info] Generating index page.
[20/Mar/2023 11:55:34 America/Detroit] [Info] Transformation: index.manifest -> index.html [641881f31def6.index.xsl]
[20/Mar/2023 11:55:35 America/Detroit] [Info] # Took 10.727290 seconds to render.
